{"/Users/webplatformestgames/Desktop/1/prototype/Home/src/js/logger.spec.js":{"path":"/Users/webplatformestgames/Desktop/1/prototype/Home/src/js/logger.spec.js","s":{"1":1,"2":1,"3":1,"4":1,"5":1},"b":{},"f":{"1":1,"2":1},"fnMap":{"1":{"name":"(anonymous_1)","line":4,"loc":{"start":{"line":4,"column":17},"end":{"line":4,"column":28}}},"2":{"name":"(anonymous_2)","line":5,"loc":{"start":{"line":5,"column":19},"end":{"line":5,"column":30}}}},"statementMap":{"1":{"start":{"line":1,"column":0},"end":{"line":1,"column":32}},"2":{"start":{"line":2,"column":0},"end":{"line":2,"column":34}},"3":{"start":{"line":4,"column":0},"end":{"line":8,"column":3}},"4":{"start":{"line":5,"column":4},"end":{"line":7,"column":7}},"5":{"start":{"line":6,"column":8},"end":{"line":6,"column":31}}},"branchMap":{}},"/Users/webplatformestgames/Desktop/1/prototype/Home/src/js/logger.js":{"path":"/Users/webplatformestgames/Desktop/1/prototype/Home/src/js/logger.js","s":{"1":1,"2":0},"b":{},"f":{"1":0},"fnMap":{"1":{"name":"(anonymous_1)","line":2,"loc":{"start":{"line":2,"column":11},"end":{"line":2,"column":23}}}},"statementMap":{"1":{"start":{"line":1,"column":0},"end":{"line":5,"column":1}},"2":{"start":{"line":3,"column":8},"end":{"line":3,"column":22}}},"branchMap":{}}}